{"/Users/fabiocalixto/projects/quiz-game/src/App.tsx": {"path":"/Users/fabiocalixto/projects/quiz-game/src/App.tsx","statementMap":{"0":{"start":{"line":6,"column":2},"end":{"line":11,"column":3}}},"fnMap":{"0":{"name":"App","decl":{"start":{"line":5,"column":9},"end":{"line":5,"column":12}},"loc":{"start":{"line":5,"column":15},"end":{"line":12,"column":1}},"line":5}},"branchMap":{},"s":{"0":0},"f":{"0":0},"b":{}}
,"/Users/fabiocalixto/projects/quiz-game/src/main.tsx": {"path":"/Users/fabiocalixto/projects/quiz-game/src/main.tsx","statementMap":{"0":{"start":{"line":6,"column":0},"end":{"line":11,"column":1}}},"fnMap":{},"branchMap":{},"s":{"0":0},"f":{},"b":{}}
,"/Users/fabiocalixto/projects/quiz-game/src/vite-env.d.ts": {"path":"/Users/fabiocalixto/projects/quiz-game/src/vite-env.d.ts","statementMap":{},"fnMap":{},"branchMap":{},"s":{},"f":{},"b":{}}
,"/Users/fabiocalixto/projects/quiz-game/src/components/index.ts": {"path":"/Users/fabiocalixto/projects/quiz-game/src/components/index.ts","statementMap":{},"fnMap":{},"branchMap":{},"s":{},"f":{},"b":{}}
,"/Users/fabiocalixto/projects/quiz-game/src/components/Main/index.tsx": {"path":"/Users/fabiocalixto/projects/quiz-game/src/components/Main/index.tsx","statementMap":{"0":{"start":{"line":5,"column":13},"end":{"line":7,"column":1}},"1":{"start":{"line":6,"column":2},"end":{"line":6,"column":34}}},"fnMap":{"0":{"name":"(anonymous_0)","decl":{"start":{"line":5,"column":13},"end":{"line":5,"column":14}},"loc":{"start":{"line":6,"column":2},"end":{"line":6,"column":34}},"line":6}},"branchMap":{},"s":{"0":1,"1":1},"f":{"0":1},"b":{},"_coverageSchema":"1a1c01bbd47fc00a2c39e90264f33305004495a9","hash":"b2b8e3577c59426fa32e52fd485a8be655ae90de"}
,"/Users/fabiocalixto/projects/quiz-game/src/components/Main/styles.ts": {"path":"/Users/fabiocalixto/projects/quiz-game/src/components/Main/styles.ts","statementMap":{"0":{"start":{"line":3,"column":23},"end":{"line":3,"column":34}}},"fnMap":{},"branchMap":{},"s":{"0":1},"f":{},"b":{},"_coverageSchema":"1a1c01bbd47fc00a2c39e90264f33305004495a9","hash":"5cda498bbbf30a7604ceada2bae321ab355ea70a"}
,"/Users/fabiocalixto/projects/quiz-game/src/components/ThemeProvider/index.tsx": {"path":"/Users/fabiocalixto/projects/quiz-game/src/components/ThemeProvider/index.tsx","statementMap":{"0":{"start":{"line":9,"column":25},"end":{"line":11,"column":1}},"1":{"start":{"line":10,"column":2},"end":{"line":10,"column":57}}},"fnMap":{"0":{"name":"(anonymous_0)","decl":{"start":{"line":9,"column":25},"end":{"line":9,"column":26}},"loc":{"start":{"line":10,"column":2},"end":{"line":10,"column":57}},"line":10}},"branchMap":{},"s":{"0":0,"1":0},"f":{"0":0},"b":{}}
,"/Users/fabiocalixto/projects/quiz-game/src/styles/global.ts": {"path":"/Users/fabiocalixto/projects/quiz-game/src/styles/global.ts","statementMap":{"0":{"start":{"line":3,"column":27},"end":{"line":21,"column":1}}},"fnMap":{},"branchMap":{},"s":{"0":0},"f":{},"b":{}}
,"/Users/fabiocalixto/projects/quiz-game/src/styles/theme.ts": {"path":"/Users/fabiocalixto/projects/quiz-game/src/styles/theme.ts","statementMap":{},"fnMap":{},"branchMap":{},"s":{},"f":{},"b":{}}
,"/Users/fabiocalixto/projects/quiz-game/src/templates/index.ts": {"path":"/Users/fabiocalixto/projects/quiz-game/src/templates/index.ts","statementMap":{},"fnMap":{},"branchMap":{},"s":{},"f":{},"b":{}}
,"/Users/fabiocalixto/projects/quiz-game/src/templates/Base/index.tsx": {"path":"/Users/fabiocalixto/projects/quiz-game/src/templates/Base/index.tsx","statementMap":{"0":{"start":{"line":7,"column":13},"end":{"line":11,"column":1}},"1":{"start":{"line":8,"column":2},"end":{"line":10,"column":14}}},"fnMap":{"0":{"name":"(anonymous_0)","decl":{"start":{"line":7,"column":13},"end":{"line":7,"column":14}},"loc":{"start":{"line":8,"column":2},"end":{"line":10,"column":14}},"line":8}},"branchMap":{},"s":{"0":0,"1":0},"f":{"0":0},"b":{}}
,"/Users/fabiocalixto/projects/quiz-game/src/templates/Base/styles.ts": {"path":"/Users/fabiocalixto/projects/quiz-game/src/templates/Base/styles.ts","statementMap":{"0":{"start":{"line":3,"column":23},"end":{"line":11,"column":1}},"1":{"start":{"line":4,"column":10},"end":{"line":10,"column":3}}},"fnMap":{"0":{"name":"(anonymous_0)","decl":{"start":{"line":4,"column":4},"end":{"line":4,"column":5}},"loc":{"start":{"line":4,"column":10},"end":{"line":10,"column":3}},"line":4}},"branchMap":{},"s":{"0":0,"1":0},"f":{"0":0},"b":{}}
,"/Users/fabiocalixto/projects/quiz-game/src/templates/Home/index.tsx": {"path":"/Users/fabiocalixto/projects/quiz-game/src/templates/Home/index.tsx","statementMap":{"0":{"start":{"line":5,"column":13},"end":{"line":11,"column":1}},"1":{"start":{"line":6,"column":2},"end":{"line":10,"column":9}}},"fnMap":{"0":{"name":"(anonymous_0)","decl":{"start":{"line":5,"column":13},"end":{"line":5,"column":14}},"loc":{"start":{"line":6,"column":2},"end":{"line":10,"column":9}},"line":6}},"branchMap":{},"s":{"0":0,"1":0},"f":{"0":0},"b":{}}
,"/Users/fabiocalixto/projects/quiz-game/src/templates/Home/styles.ts": {"path":"/Users/fabiocalixto/projects/quiz-game/src/templates/Home/styles.ts","statementMap":{"0":{"start":{"line":3,"column":23},"end":{"line":3,"column":35}}},"fnMap":{},"branchMap":{},"s":{"0":0},"f":{},"b":{}}
,"/Users/fabiocalixto/projects/quiz-game/src/types/styled-components.d.ts": {"path":"/Users/fabiocalixto/projects/quiz-game/src/types/styled-components.d.ts","statementMap":{},"fnMap":{},"branchMap":{},"s":{},"f":{},"b":{}}
}
